<?xml version="1.0" encoding="UTF-8"?>
<!-- Generated by org.testng.reporters.JUnitReportReporter -->
<testsuite hostname="DESKTOP-IAHHAV4" failures="0" tests="1" name="testNG.FacebookLogin" time="5.021" errors="0" timestamp="2021-07-26T22:12:12 IST" skipped="0">
  <testcase classname="testNG.FacebookLogin" name="f" time="5.021"/>
  <system-out/>
</testsuite> <!-- testNG.FacebookLogin -->
