<?xml version="1.0" encoding="UTF-8"?>
<!-- Generated by org.testng.reporters.JUnitReportReporter -->
<testsuite hostname="DESKTOP-IAHHAV4" failures="0" tests="5" name="testNG.FB_Retesting" time="92.106" errors="0" timestamp="2021-07-26T22:42:44 IST" skipped="0">
  <testcase classname="testNG.FB_Retesting" name="f" time="15.657"/>
  <system-out/>
  <testcase classname="testNG.FB_Retesting" name="f" time="9.736"/>
  <system-out/>
  <testcase classname="testNG.FB_Retesting" name="f" time="17.813"/>
  <system-out/>
  <testcase classname="testNG.FB_Retesting" name="f" time="19.936"/>
  <system-out/>
  <testcase classname="testNG.FB_Retesting" name="f" time="28.964"/>
  <system-out/>
</testsuite> <!-- testNG.FB_Retesting -->
