<?xml version="1.0" encoding="UTF-8"?>
<!-- Generated by org.testng.reporters.JUnitReportReporter -->
<testsuite hostname="DESKTOP-IAHHAV4" failures="0" tests="1" name="testNG.AllAnnotationssample" time="0.029" errors="0" timestamp="2021-07-27T08:28:56 IST" skipped="0">
  <testcase classname="testNG.AllAnnotationssample" name="f" time="0.029"/>
  <system-out/>
</testsuite> <!-- testNG.AllAnnotationssample -->
