<?xml version="1.0" encoding="UTF-8"?>
<!-- Generated by org.testng.reporters.JUnitReportReporter -->
<testsuite hostname="DESKTOP-IAHHAV4" failures="0" tests="4" name="testNG.Annotations_1" time="0.037" errors="0" timestamp="2021-07-26T22:02:44 IST" skipped="0">
  <testcase classname="testNG.Annotations_1" name="a" time="0.019"/>
  <system-out/>
  <testcase classname="testNG.Annotations_1" name="z" time="0.003"/>
  <system-out/>
  <testcase classname="testNG.Annotations_1" name="x" time="0.003"/>
  <system-out/>
  <testcase classname="testNG.Annotations_1" name="f" time="0.012"/>
  <system-out/>
</testsuite> <!-- testNG.Annotations_1 -->
