<?xml version="1.0" encoding="UTF-8"?>
<!-- Generated by org.testng.reporters.JUnitReportReporter -->
<testsuite hostname="DESKTOP-IAHHAV4" failures="0" tests="1" name="testNG.NewTest" time="18.014" errors="0" timestamp="2021-07-25T12:11:45 IST" skipped="0">
  <testcase classname="testNG.NewTest" name="f" time="18.014"/>
  <system-out/>
</testsuite> <!-- testNG.NewTest -->
