<?xml version="1.0" encoding="UTF-8"?>
<!-- Generated by org.testng.reporters.JUnitReportReporter -->
<testsuite hostname="DESKTOP-IAHHAV4" failures="0" tests="1" name="testNG.BlazedDemo" time="20.742" errors="0" timestamp="2021-07-25T13:23:54 IST" skipped="0">
  <testcase classname="testNG.BlazedDemo" name="f" time="20.742"/>
  <system-out/>
</testsuite> <!-- testNG.BlazedDemo -->
