<?xml version="1.0" encoding="UTF-8"?>
<!-- Generated by org.testng.reporters.JUnitReportReporter -->
<testsuite hostname="DESKTOP-IAHHAV4" failures="0" tests="4" name="testNG.PrioritySample" time="0.038" errors="0" timestamp="2021-07-26T22:17:33 IST" skipped="0">
  <testcase classname="testNG.PrioritySample" name="f" time="0.029"/>
  <system-out/>
  <testcase classname="testNG.PrioritySample" name="x" time="0.004"/>
  <system-out/>
  <testcase classname="testNG.PrioritySample" name="z" time="0.002"/>
  <system-out/>
  <testcase classname="testNG.PrioritySample" name="a" time="0.003"/>
  <system-out/>
</testsuite> <!-- testNG.PrioritySample -->
