<?xml version="1.0" encoding="UTF-8"?>
<!-- Generated by org.testng.reporters.JUnitReportReporter -->
<testsuite hostname="DESKTOP-IAHHAV4" failures="0" tests="2" name="testNG.Annotations_3" time="0.030" errors="0" timestamp="2021-07-26T22:10:19 IST" skipped="0">
  <testcase classname="testNG.Annotations_3" name="f" time="0.015"/>
  <system-out/>
  <testcase classname="testNG.Annotations_3" name="g" time="0.015"/>
  <system-out/>
</testsuite> <!-- testNG.Annotations_3 -->
