<?xml version="1.0" encoding="UTF-8"?>
<!-- Generated by org.testng.reporters.JUnitReportReporter -->
<testsuite hostname="DESKTOP-IAHHAV4" failures="0" tests="3" name="testNG.Annotations_2" time="0.022" errors="0" timestamp="2021-07-26T22:05:31 IST" skipped="0">
  <testcase classname="testNG.Annotations_2" name="f" time="0.016"/>
  <system-out/>
  <testcase classname="testNG.Annotations_2" name="k" time="0.003"/>
  <system-out/>
  <testcase classname="testNG.Annotations_2" name="z" time="0.003"/>
  <system-out/>
</testsuite> <!-- testNG.Annotations_2 -->
